-- Found ament_cmake: 1.3.11 (/opt/ros/humble/share/ament_cmake/cmake)
-- Found rosidl_default_generators: 1.2.0 (/opt/ros/humble/share/rosidl_default_generators/cmake)
-- Using all available rosidl_typesupport_c: rosidl_typesupport_fastrtps_c;rosidl_typesupport_introspection_c
-- Found rosidl_adapter: 3.1.6 (/opt/ros/humble/share/rosidl_adapter/cmake)
-- Using all available rosidl_typesupport_cpp: rosidl_typesupport_fastrtps_cpp;rosidl_typesupport_introspection_cpp
-- Found rclcpp: 16.0.12 (/opt/ros/humble/share/rclcpp/cmake)
-- Found rmw_implementation_cmake: 6.1.2 (/opt/ros/humble/share/rmw_implementation_cmake/cmake)
-- Found rmw_fastrtps_cpp: 6.2.7 (/opt/ros/humble/share/rmw_fastrtps_cpp/cmake)
-- Using RMW implementation 'rmw_fastrtps_cpp' as default
-- Found ament_cmake_ros: 0.10.0 (/opt/ros/humble/share/ament_cmake_ros/cmake)
-- Using all available rosidl_typesupport_c: rosidl_typesupport_fastrtps_c;rosidl_typesupport_introspection_c
-- Using all available rosidl_typesupport_cpp: rosidl_typesupport_fastrtps_cpp;rosidl_typesupport_introspection_cpp
-- Found python_cmake_module: 0.10.0 (/opt/ros/humble/share/python_cmake_module/cmake)
-- Using PYTHON_EXECUTABLE: /usr/bin/python3
-- Using PYTHON_INCLUDE_DIRS: /usr/include/python3.10
-- Using PYTHON_LIBRARIES: /usr/lib/x86_64-linux-gnu/libpython3.10.so
-- Configuring done
-- Generating done
-- Build files have been written to: /mnt/c/Users/jalen/Desktop/Projects/ros2/server/build/server
[35m[1mConsolidate compiler generated dependencies of target server__rosidl_generator_c[0m
[  3%] Built target server__cpp
[35m[1mConsolidate compiler generated dependencies of target server__rosidl_typesupport_cpp[0m
[35m[1mConsolidate compiler generated dependencies of target server__rosidl_typesupport_introspection_cpp[0m
[35m[1mConsolidate compiler generated dependencies of target server__rosidl_typesupport_fastrtps_cpp[0m
[ 12%] Built target server__rosidl_generator_c
[35m[1mConsolidate compiler generated dependencies of target server__rosidl_typesupport_c[0m
[35m[1mConsolidate compiler generated dependencies of target server__rosidl_typesupport_introspection_c[0m
[35m[1mConsolidate compiler generated dependencies of target server__rosidl_typesupport_fastrtps_c[0m
[ 21%] Built target server__rosidl_typesupport_cpp
[ 30%] Built target server__rosidl_typesupport_c
[ 39%] Built target server__rosidl_typesupport_introspection_cpp
[35m[1mConsolidate compiler generated dependencies of target add_three_ints_server[0m
[ 48%] Built target server__rosidl_typesupport_introspection_c
[ 57%] Built target server__rosidl_typesupport_fastrtps_cpp
[ 57%] Built target ament_cmake_python_copy_server
[ 66%] Built target server__rosidl_typesupport_fastrtps_c
[ 66%] Built target server
[ 69%] Built target server__py
[35m[1mConsolidate compiler generated dependencies of target server__rosidl_generator_py[0m
running egg_info
writing server.egg-info/PKG-INFO
writing dependency_links to server.egg-info/dependency_links.txt
writing top-level names to server.egg-info/top_level.txt
reading manifest file 'server.egg-info/SOURCES.txt'
[ 72%] [32mBuilding CXX object CMakeFiles/add_three_ints_server.dir/src/add_three_ints_server.cpp.o[0m
writing manifest file 'server.egg-info/SOURCES.txt'
[ 72%] Built target ament_cmake_python_build_server_egg
[ 78%] Built target server__rosidl_generator_py
[35m[1mConsolidate compiler generated dependencies of target server__rosidl_typesupport_fastrtps_c__pyext[0m
[35m[1mConsolidate compiler generated dependencies of target server__rosidl_typesupport_introspection_c__pyext[0m
[35m[1mConsolidate compiler generated dependencies of target server__rosidl_typesupport_c__pyext[0m
[ 90%] Built target server__rosidl_typesupport_fastrtps_c__pyext
[ 90%] Built target server__rosidl_typesupport_introspection_c__pyext
[ 96%] Built target server__rosidl_typesupport_c__pyext
[01m[K/mnt/c/Users/jalen/Desktop/Projects/ros2/server/src/server/src/add_three_ints_server.cpp:6:32:[m[K [01;31m[Kerror: [m[Kâ€˜[01m[Ktutorial_interfaces[m[Kâ€™ was not declared in this scope; did you mean â€˜[01m[Krcl_interfaces[m[Kâ€™?
    6 | void add(const std::shared_ptr<[01;31m[Ktutorial_interfaces[m[K::srv::AddThreeInts::Request> request,
      |                                [01;31m[K^~~~~~~~~~~~~~~~~~~[m[K
      |                                [32m[Krcl_interfaces[m[K
[01m[K/mnt/c/Users/jalen/Desktop/Projects/ros2/server/src/server/src/add_three_ints_server.cpp:6:79:[m[K [01;31m[Kerror: [m[Ktemplate argument 1 is invalid
    6 | void add(const std::shared_ptr<tutorial_interfaces::srv::AddThreeInts::Request[01;31m[K>[m[K request,
      |                                                                               [01;31m[K^[m[K
[01m[K/mnt/c/Users/jalen/Desktop/Projects/ros2/server/src/server/src/add_three_ints_server.cpp:6:32:[m[K [01;31m[Kerror: [m[Kâ€˜[01m[Ktutorial_interfaces[m[Kâ€™ was not declared in this scope; did you mean â€˜[01m[Krcl_interfaces[m[Kâ€™?
    6 | void add(const std::shared_ptr<[01;31m[Ktutorial_interfaces[m[K::srv::AddThreeInts::Request> request,
      |                                [01;31m[K^~~~~~~~~~~~~~~~~~~[m[K
      |                                [32m[Krcl_interfaces[m[K
[01m[K/mnt/c/Users/jalen/Desktop/Projects/ros2/server/src/server/src/add_three_ints_server.cpp:6:79:[m[K [01;31m[Kerror: [m[Ktemplate argument 1 is invalid
    6 | void add(const std::shared_ptr<tutorial_interfaces::srv::AddThreeInts::Request[01;31m[K>[m[K request,
      |                                                                               [01;31m[K^[m[K
[01m[K/mnt/c/Users/jalen/Desktop/Projects/ros2/server/src/server/src/add_three_ints_server.cpp:6:32:[m[K [01;31m[Kerror: [m[Kâ€˜[01m[Ktutorial_interfaces[m[Kâ€™ was not declared in this scope; did you mean â€˜[01m[Krcl_interfaces[m[Kâ€™?
    6 | void add(const std::shared_ptr<[01;31m[Ktutorial_interfaces[m[K::srv::AddThreeInts::Request> request,
      |                                [01;31m[K^~~~~~~~~~~~~~~~~~~[m[K
      |                                [32m[Krcl_interfaces[m[K
[01m[K/mnt/c/Users/jalen/Desktop/Projects/ros2/server/src/server/src/add_three_ints_server.cpp:6:79:[m[K [01;31m[Kerror: [m[Ktemplate argument 1 is invalid
    6 | void add(const std::shared_ptr<tutorial_interfaces::srv::AddThreeInts::Request[01;31m[K>[m[K request,
      |                                                                               [01;31m[K^[m[K
[01m[K/mnt/c/Users/jalen/Desktop/Projects/ros2/server/src/server/src/add_three_ints_server.cpp:6:16:[m[K [01;31m[Kerror: [m[Kinvalid template-id
    6 | void add(const [01;31m[Kstd[m[K::shared_ptr<tutorial_interfaces::srv::AddThreeInts::Request> request,
      |                [01;31m[K^~~[m[K
[01m[K/mnt/c/Users/jalen/Desktop/Projects/ros2/server/src/server/src/add_three_ints_server.cpp:6:32:[m[K [01;31m[Kerror: [m[Kâ€˜[01m[Ktutorial_interfaces[m[Kâ€™ was not declared in this scope; did you mean â€˜[01m[Krcl_interfaces[m[Kâ€™?
    6 | void add(const std::shared_ptr<[01;31m[Ktutorial_interfaces[m[K::srv::AddThreeInts::Request> request,
      |                                [01;31m[K^~~~~~~~~~~~~~~~~~~[m[K
      |                                [32m[Krcl_interfaces[m[K
[01m[K/mnt/c/Users/jalen/Desktop/Projects/ros2/server/src/server/src/add_three_ints_server.cpp:6:6:[m[K [01;31m[Kerror: [m[Kvariable or field â€˜[01m[Kadd[m[Kâ€™ declared void
    6 | void [01;31m[Kadd[m[K(const std::shared_ptr<tutorial_interfaces::srv::AddThreeInts::Request> request,
      |      [01;31m[K^~~[m[K
[01m[K/mnt/c/Users/jalen/Desktop/Projects/ros2/server/src/server/src/add_three_ints_server.cpp:6:10:[m[K [01;31m[Kerror: [m[Kexpected primary-expression before â€˜[01m[Kconst[m[Kâ€™
    6 | void add([01;31m[Kconst[m[K std::shared_ptr<tutorial_interfaces::srv::AddThreeInts::Request> request,
      |          [01;31m[K^~~~~[m[K
[01m[K/mnt/c/Users/jalen/Desktop/Projects/ros2/server/src/server/src/add_three_ints_server.cpp:7:27:[m[K [01;31m[Kerror: [m[Kâ€˜[01m[Ktutorial_interfaces[m[Kâ€™ was not declared in this scope; did you mean â€˜[01m[Krcl_interfaces[m[Kâ€™?
    7 |           std::shared_ptr<[01;31m[Ktutorial_interfaces[m[K::srv::AddThreeInts::Response>       response)
      |                           [01;31m[K^~~~~~~~~~~~~~~~~~~[m[K
      |                           [32m[Krcl_interfaces[m[K
[01m[K/mnt/c/Users/jalen/Desktop/Projects/ros2/server/src/server/src/add_three_ints_server.cpp:7:75:[m[K [01;31m[Kerror: [m[Ktemplate argument 1 is invalid
    7 |           std::shared_ptr<tutorial_interfaces::srv::AddThreeInts::Response[01;31m[K>[m[K       response)
      |                                                                           [01;31m[K^[m[K
[01m[K/mnt/c/Users/jalen/Desktop/Projects/ros2/server/src/server/src/add_three_ints_server.cpp:[m[K In function â€˜[01m[Kint main(int, char**)[m[Kâ€™:
[01m[K/mnt/c/Users/jalen/Desktop/Projects/ros2/server/src/server/src/add_three_ints_server.cpp:21:19:[m[K [01;31m[Kerror: [m[Kâ€˜[01m[Ktutorial_interfaces[m[Kâ€™ was not declared in this scope; did you mean â€˜[01m[Krcl_interfaces[m[Kâ€™?
   21 |   rclcpp::Service<[01;31m[Ktutorial_interfaces[m[K::srv::AddThreeInts>::SharedPtr service =
      |                   [01;31m[K^~~~~~~~~~~~~~~~~~~[m[K
      |                   [32m[Krcl_interfaces[m[K
[01m[K/mnt/c/Users/jalen/Desktop/Projects/ros2/server/src/server/src/add_three_ints_server.cpp:21:57:[m[K [01;31m[Kerror: [m[Ktemplate argument 1 is invalid
   21 |   rclcpp::Service<tutorial_interfaces::srv::AddThreeInts[01;31m[K>[m[K::SharedPtr service =
      |                                                         [01;31m[K^[m[K
[01m[K/mnt/c/Users/jalen/Desktop/Projects/ros2/server/src/server/src/add_three_ints_server.cpp:21:70:[m[K [01;31m[Kerror: [m[Kqualified-id in declaration before â€˜[01m[Kservice[m[Kâ€™
   21 |   rclcpp::Service<tutorial_interfaces::srv::AddThreeInts>::SharedPtr [01;31m[Kservice[m[K =
      |                                                                      [01;31m[K^~~~~~~[m[K
gmake[2]: *** [CMakeFiles/add_three_ints_server.dir/build.make:76: CMakeFiles/add_three_ints_server.dir/src/add_three_ints_server.cpp.o] Error 1
gmake[1]: *** [CMakeFiles/Makefile2:593: CMakeFiles/add_three_ints_server.dir/all] Error 2
gmake: *** [Makefile:146: all] Error 2
