[0.152s] Invoking command in '/mnt/c/Users/jalen/Desktop/Projects/ros2/server/build/server': CMAKE_PREFIX_PATH=/opt/ros/humble /usr/bin/cmake --build /mnt/c/Users/jalen/Desktop/Projects/ros2/server/build/server -- -j12 -l12
[0.687s] -- Found ament_cmake: 1.3.11 (/opt/ros/humble/share/ament_cmake/cmake)
[1.120s] -- Found rosidl_default_generators: 1.2.0 (/opt/ros/humble/share/rosidl_default_generators/cmake)
[1.160s] -- Using all available rosidl_typesupport_c: rosidl_typesupport_fastrtps_c;rosidl_typesupport_introspection_c
[1.167s] -- Found rosidl_adapter: 3.1.6 (/opt/ros/humble/share/rosidl_adapter/cmake)
[1.483s] -- Using all available rosidl_typesupport_cpp: rosidl_typesupport_fastrtps_cpp;rosidl_typesupport_introspection_cpp
[1.533s] -- Found rclcpp: 16.0.12 (/opt/ros/humble/share/rclcpp/cmake)
[1.624s] -- Found rmw_implementation_cmake: 6.1.2 (/opt/ros/humble/share/rmw_implementation_cmake/cmake)
[1.627s] -- Found rmw_fastrtps_cpp: 6.2.7 (/opt/ros/humble/share/rmw_fastrtps_cpp/cmake)
[10.851s] -- Using RMW implementation 'rmw_fastrtps_cpp' as default
[12.077s] -- Found ament_cmake_ros: 0.10.0 (/opt/ros/humble/share/ament_cmake_ros/cmake)
[13.023s] -- Using all available rosidl_typesupport_c: rosidl_typesupport_fastrtps_c;rosidl_typesupport_introspection_c
[14.284s] -- Using all available rosidl_typesupport_cpp: rosidl_typesupport_fastrtps_cpp;rosidl_typesupport_introspection_cpp
[14.324s] -- Found python_cmake_module: 0.10.0 (/opt/ros/humble/share/python_cmake_module/cmake)
[14.364s] -- Using PYTHON_EXECUTABLE: /usr/bin/python3
[14.366s] -- Using PYTHON_INCLUDE_DIRS: /usr/include/python3.10
[14.368s] -- Using PYTHON_LIBRARIES: /usr/lib/x86_64-linux-gnu/libpython3.10.so
[15.893s] -- Configuring done
[20.283s] -- Generating done
[21.885s] -- Build files have been written to: /mnt/c/Users/jalen/Desktop/Projects/ros2/server/build/server
[22.410s] [35m[1mConsolidate compiler generated dependencies of target server__rosidl_generator_c[0m
[22.464s] [  3%] Built target server__cpp
[22.586s] [35m[1mConsolidate compiler generated dependencies of target server__rosidl_typesupport_cpp[0m
[22.625s] [35m[1mConsolidate compiler generated dependencies of target server__rosidl_typesupport_introspection_cpp[0m
[22.633s] [35m[1mConsolidate compiler generated dependencies of target server__rosidl_typesupport_fastrtps_cpp[0m
[22.775s] [ 12%] Built target server__rosidl_generator_c
[22.932s] [35m[1mConsolidate compiler generated dependencies of target server__rosidl_typesupport_c[0m
[22.961s] [35m[1mConsolidate compiler generated dependencies of target server__rosidl_typesupport_introspection_c[0m
[22.964s] [35m[1mConsolidate compiler generated dependencies of target server__rosidl_typesupport_fastrtps_c[0m
[23.210s] [ 21%] Built target server__rosidl_typesupport_cpp
[23.238s] [ 30%] Built target server__rosidl_typesupport_c
[23.290s] [ 39%] Built target server__rosidl_typesupport_introspection_cpp
[23.325s] [35m[1mConsolidate compiler generated dependencies of target add_three_ints_server[0m
[23.334s] [ 48%] Built target server__rosidl_typesupport_introspection_c
[23.421s] [ 57%] Built target server__rosidl_typesupport_fastrtps_cpp
[23.607s] [ 57%] Built target ament_cmake_python_copy_server
[23.668s] [ 66%] Built target server__rosidl_typesupport_fastrtps_c
[23.801s] [ 66%] Built target server
[24.026s] [ 69%] Built target server__py
[24.115s] [35m[1mConsolidate compiler generated dependencies of target server__rosidl_generator_py[0m
[24.270s] running egg_info
[24.276s] writing server.egg-info/PKG-INFO
[24.287s] writing dependency_links to server.egg-info/dependency_links.txt
[24.303s] writing top-level names to server.egg-info/top_level.txt
[24.375s] reading manifest file 'server.egg-info/SOURCES.txt'
[24.449s] [ 72%] [32mBuilding CXX object CMakeFiles/add_three_ints_server.dir/src/add_three_ints_server.cpp.o[0m
[24.451s] writing manifest file 'server.egg-info/SOURCES.txt'
[24.530s] [ 72%] Built target ament_cmake_python_build_server_egg
[24.640s] [ 78%] Built target server__rosidl_generator_py
[24.734s] [35m[1mConsolidate compiler generated dependencies of target server__rosidl_typesupport_fastrtps_c__pyext[0m
[24.737s] [35m[1mConsolidate compiler generated dependencies of target server__rosidl_typesupport_introspection_c__pyext[0m
[24.739s] [35m[1mConsolidate compiler generated dependencies of target server__rosidl_typesupport_c__pyext[0m
[25.296s] [ 90%] Built target server__rosidl_typesupport_fastrtps_c__pyext
[25.299s] [ 90%] Built target server__rosidl_typesupport_introspection_c__pyext
[25.323s] [ 96%] Built target server__rosidl_typesupport_c__pyext
[30.286s] [01m[K/mnt/c/Users/jalen/Desktop/Projects/ros2/server/src/server/src/add_three_ints_server.cpp:6:32:[m[K [01;31m[Kerror: [m[Kâ€˜[01m[Ktutorial_interfaces[m[Kâ€™ was not declared in this scope; did you mean â€˜[01m[Krcl_interfaces[m[Kâ€™?
[30.288s]     6 | void add(const std::shared_ptr<[01;31m[Ktutorial_interfaces[m[K::srv::AddThreeInts::Request> request,
[30.289s]       |                                [01;31m[K^~~~~~~~~~~~~~~~~~~[m[K
[30.290s]       |                                [32m[Krcl_interfaces[m[K
[30.292s] [01m[K/mnt/c/Users/jalen/Desktop/Projects/ros2/server/src/server/src/add_three_ints_server.cpp:6:79:[m[K [01;31m[Kerror: [m[Ktemplate argument 1 is invalid
[30.294s]     6 | void add(const std::shared_ptr<tutorial_interfaces::srv::AddThreeInts::Request[01;31m[K>[m[K request,
[30.296s]       |                                                                               [01;31m[K^[m[K
[30.298s] [01m[K/mnt/c/Users/jalen/Desktop/Projects/ros2/server/src/server/src/add_three_ints_server.cpp:6:32:[m[K [01;31m[Kerror: [m[Kâ€˜[01m[Ktutorial_interfaces[m[Kâ€™ was not declared in this scope; did you mean â€˜[01m[Krcl_interfaces[m[Kâ€™?
[30.299s]     6 | void add(const std::shared_ptr<[01;31m[Ktutorial_interfaces[m[K::srv::AddThreeInts::Request> request,
[30.301s]       |                                [01;31m[K^~~~~~~~~~~~~~~~~~~[m[K
[30.303s]       |                                [32m[Krcl_interfaces[m[K
[30.305s] [01m[K/mnt/c/Users/jalen/Desktop/Projects/ros2/server/src/server/src/add_three_ints_server.cpp:6:79:[m[K [01;31m[Kerror: [m[Ktemplate argument 1 is invalid
[30.306s]     6 | void add(const std::shared_ptr<tutorial_interfaces::srv::AddThreeInts::Request[01;31m[K>[m[K request,
[30.308s]       |                                                                               [01;31m[K^[m[K
[30.310s] [01m[K/mnt/c/Users/jalen/Desktop/Projects/ros2/server/src/server/src/add_three_ints_server.cpp:6:32:[m[K [01;31m[Kerror: [m[Kâ€˜[01m[Ktutorial_interfaces[m[Kâ€™ was not declared in this scope; did you mean â€˜[01m[Krcl_interfaces[m[Kâ€™?
[30.311s]     6 | void add(const std::shared_ptr<[01;31m[Ktutorial_interfaces[m[K::srv::AddThreeInts::Request> request,
[30.313s]       |                                [01;31m[K^~~~~~~~~~~~~~~~~~~[m[K
[30.315s]       |                                [32m[Krcl_interfaces[m[K
[30.317s] [01m[K/mnt/c/Users/jalen/Desktop/Projects/ros2/server/src/server/src/add_three_ints_server.cpp:6:79:[m[K [01;31m[Kerror: [m[Ktemplate argument 1 is invalid
[30.319s]     6 | void add(const std::shared_ptr<tutorial_interfaces::srv::AddThreeInts::Request[01;31m[K>[m[K request,
[30.321s]       |                                                                               [01;31m[K^[m[K
[30.323s] [01m[K/mnt/c/Users/jalen/Desktop/Projects/ros2/server/src/server/src/add_three_ints_server.cpp:6:16:[m[K [01;31m[Kerror: [m[Kinvalid template-id
[30.325s]     6 | void add(const [01;31m[Kstd[m[K::shared_ptr<tutorial_interfaces::srv::AddThreeInts::Request> request,
[30.327s]       |                [01;31m[K^~~[m[K
[30.329s] [01m[K/mnt/c/Users/jalen/Desktop/Projects/ros2/server/src/server/src/add_three_ints_server.cpp:6:32:[m[K [01;31m[Kerror: [m[Kâ€˜[01m[Ktutorial_interfaces[m[Kâ€™ was not declared in this scope; did you mean â€˜[01m[Krcl_interfaces[m[Kâ€™?
[30.331s]     6 | void add(const std::shared_ptr<[01;31m[Ktutorial_interfaces[m[K::srv::AddThreeInts::Request> request,
[30.332s]       |                                [01;31m[K^~~~~~~~~~~~~~~~~~~[m[K
[30.334s]       |                                [32m[Krcl_interfaces[m[K
[30.336s] [01m[K/mnt/c/Users/jalen/Desktop/Projects/ros2/server/src/server/src/add_three_ints_server.cpp:6:6:[m[K [01;31m[Kerror: [m[Kvariable or field â€˜[01m[Kadd[m[Kâ€™ declared void
[30.338s]     6 | void [01;31m[Kadd[m[K(const std::shared_ptr<tutorial_interfaces::srv::AddThreeInts::Request> request,
[30.340s]       |      [01;31m[K^~~[m[K
[30.341s] [01m[K/mnt/c/Users/jalen/Desktop/Projects/ros2/server/src/server/src/add_three_ints_server.cpp:6:10:[m[K [01;31m[Kerror: [m[Kexpected primary-expression before â€˜[01m[Kconst[m[Kâ€™
[30.343s]     6 | void add([01;31m[Kconst[m[K std::shared_ptr<tutorial_interfaces::srv::AddThreeInts::Request> request,
[30.345s]       |          [01;31m[K^~~~~[m[K
[30.347s] [01m[K/mnt/c/Users/jalen/Desktop/Projects/ros2/server/src/server/src/add_three_ints_server.cpp:7:27:[m[K [01;31m[Kerror: [m[Kâ€˜[01m[Ktutorial_interfaces[m[Kâ€™ was not declared in this scope; did you mean â€˜[01m[Krcl_interfaces[m[Kâ€™?
[30.349s]     7 |           std::shared_ptr<[01;31m[Ktutorial_interfaces[m[K::srv::AddThreeInts::Response>       response)
[30.351s]       |                           [01;31m[K^~~~~~~~~~~~~~~~~~~[m[K
[30.353s]       |                           [32m[Krcl_interfaces[m[K
[30.355s] [01m[K/mnt/c/Users/jalen/Desktop/Projects/ros2/server/src/server/src/add_three_ints_server.cpp:7:75:[m[K [01;31m[Kerror: [m[Ktemplate argument 1 is invalid
[30.357s]     7 |           std::shared_ptr<tutorial_interfaces::srv::AddThreeInts::Response[01;31m[K>[m[K       response)
[30.359s]       |                                                                           [01;31m[K^[m[K
[30.361s] [01m[K/mnt/c/Users/jalen/Desktop/Projects/ros2/server/src/server/src/add_three_ints_server.cpp:[m[K In function â€˜[01m[Kint main(int, char**)[m[Kâ€™:
[30.364s] [01m[K/mnt/c/Users/jalen/Desktop/Projects/ros2/server/src/server/src/add_three_ints_server.cpp:21:19:[m[K [01;31m[Kerror: [m[Kâ€˜[01m[Ktutorial_interfaces[m[Kâ€™ was not declared in this scope; did you mean â€˜[01m[Krcl_interfaces[m[Kâ€™?
[30.366s]    21 |   rclcpp::Service<[01;31m[Ktutorial_interfaces[m[K::srv::AddThreeInts>::SharedPtr service =
[30.368s]       |                   [01;31m[K^~~~~~~~~~~~~~~~~~~[m[K
[30.369s]       |                   [32m[Krcl_interfaces[m[K
[30.371s] [01m[K/mnt/c/Users/jalen/Desktop/Projects/ros2/server/src/server/src/add_three_ints_server.cpp:21:57:[m[K [01;31m[Kerror: [m[Ktemplate argument 1 is invalid
[30.373s]    21 |   rclcpp::Service<tutorial_interfaces::srv::AddThreeInts[01;31m[K>[m[K::SharedPtr service =
[30.376s]       |                                                         [01;31m[K^[m[K
[30.378s] [01m[K/mnt/c/Users/jalen/Desktop/Projects/ros2/server/src/server/src/add_three_ints_server.cpp:21:70:[m[K [01;31m[Kerror: [m[Kqualified-id in declaration before â€˜[01m[Kservice[m[Kâ€™
[30.380s]    21 |   rclcpp::Service<tutorial_interfaces::srv::AddThreeInts>::SharedPtr [01;31m[Kservice[m[K =
[30.381s]       |                                                                      [01;31m[K^~~~~~~[m[K
[31.185s] gmake[2]: *** [CMakeFiles/add_three_ints_server.dir/build.make:76: CMakeFiles/add_three_ints_server.dir/src/add_three_ints_server.cpp.o] Error 1
[31.190s] gmake[1]: *** [CMakeFiles/Makefile2:593: CMakeFiles/add_three_ints_server.dir/all] Error 2
[31.192s] gmake: *** [Makefile:146: all] Error 2
[31.197s] Invoked command in '/mnt/c/Users/jalen/Desktop/Projects/ros2/server/build/server' returned '2': CMAKE_PREFIX_PATH=/opt/ros/humble /usr/bin/cmake --build /mnt/c/Users/jalen/Desktop/Projects/ros2/server/build/server -- -j12 -l12
