[0.197s] Invoking command in '/mnt/c/Users/jalen/Desktop/Projects/ros2/server/build/server': CMAKE_PREFIX_PATH=/opt/ros/humble /usr/bin/cmake /mnt/c/Users/jalen/Desktop/Projects/ros2/server/src/server -DCMAKE_INSTALL_PREFIX=/mnt/c/Users/jalen/Desktop/Projects/ros2/server/install/server
[1.281s] -- The C compiler identification is GNU 11.4.0
[2.763s] -- The CXX compiler identification is GNU 11.4.0
[3.602s] -- Detecting C compiler ABI info
[4.970s] -- Detecting C compiler ABI info - done
[5.024s] -- Check for working C compiler: /usr/bin/cc - skipped
[5.026s] -- Detecting C compile features
[5.028s] -- Detecting C compile features - done
[5.158s] -- Detecting CXX compiler ABI info
[6.506s] -- Detecting CXX compiler ABI info - done
[6.559s] -- Check for working CXX compiler: /usr/bin/c++ - skipped
[6.561s] -- Detecting CXX compile features
[6.563s] -- Detecting CXX compile features - done
[6.716s] -- Found ament_cmake: 1.3.11 (/opt/ros/humble/share/ament_cmake/cmake)
[7.040s] -- Found Python3: /usr/bin/python3 (found version "3.10.12") found components: Interpreter 
[7.491s] -- Found rosidl_default_generators: 1.2.0 (/opt/ros/humble/share/rosidl_default_generators/cmake)
[7.522s] -- Using all available rosidl_typesupport_c: rosidl_typesupport_fastrtps_c;rosidl_typesupport_introspection_c
[7.549s] -- Found rosidl_adapter: 3.1.6 (/opt/ros/humble/share/rosidl_adapter/cmake)
[7.965s] -- Using all available rosidl_typesupport_cpp: rosidl_typesupport_fastrtps_cpp;rosidl_typesupport_introspection_cpp
[8.086s] -- Found rclcpp: 16.0.12 (/opt/ros/humble/share/rclcpp/cmake)
[8.280s] -- Found rmw_implementation_cmake: 6.1.2 (/opt/ros/humble/share/rmw_implementation_cmake/cmake)
[8.291s] -- Found rmw_fastrtps_cpp: 6.2.7 (/opt/ros/humble/share/rmw_fastrtps_cpp/cmake)
[10.598s] -- Found OpenSSL: /usr/lib/x86_64-linux-gnu/libcrypto.so (found version "3.0.2")  
[13.081s] -- Found FastRTPS: /opt/ros/humble/include  
[17.481s] -- Using RMW implementation 'rmw_fastrtps_cpp' as default
[17.608s] -- Looking for pthread.h
[18.947s] -- Looking for pthread.h - found
[18.975s] -- Performing Test CMAKE_HAVE_LIBC_PTHREAD
[20.272s] -- Performing Test CMAKE_HAVE_LIBC_PTHREAD - Success
[20.285s] -- Found Threads: TRUE  
[22.123s] -- Found ament_cmake_ros: 0.10.0 (/opt/ros/humble/share/ament_cmake_ros/cmake)
[23.703s] -- Using all available rosidl_typesupport_c: rosidl_typesupport_fastrtps_c;rosidl_typesupport_introspection_c
[25.838s] -- Using all available rosidl_typesupport_cpp: rosidl_typesupport_fastrtps_cpp;rosidl_typesupport_introspection_cpp
[26.106s] -- Found PythonInterp: /usr/bin/python3 (found suitable version "3.10.12", minimum required is "3.6") 
[26.126s] -- Found python_cmake_module: 0.10.0 (/opt/ros/humble/share/python_cmake_module/cmake)
[26.940s] -- Found PythonLibs: /usr/lib/x86_64-linux-gnu/libpython3.10.so (found suitable version "3.10.12", minimum required is "3.5") 
[26.941s] -- Using PYTHON_EXECUTABLE: /usr/bin/python3
[26.943s] -- Using PYTHON_INCLUDE_DIRS: /usr/include/python3.10
[26.945s] -- Using PYTHON_LIBRARIES: /usr/lib/x86_64-linux-gnu/libpython3.10.so
[26.982s] -- Found PythonExtra: .so  
[29.913s] -- Configuring done
[34.835s] -- Generating done
[36.877s] -- Build files have been written to: /mnt/c/Users/jalen/Desktop/Projects/ros2/server/build/server
[36.905s] Invoked command in '/mnt/c/Users/jalen/Desktop/Projects/ros2/server/build/server' returned '0': CMAKE_PREFIX_PATH=/opt/ros/humble /usr/bin/cmake /mnt/c/Users/jalen/Desktop/Projects/ros2/server/src/server -DCMAKE_INSTALL_PREFIX=/mnt/c/Users/jalen/Desktop/Projects/ros2/server/install/server
[36.936s] Invoking command in '/mnt/c/Users/jalen/Desktop/Projects/ros2/server/build/server': CMAKE_PREFIX_PATH=/opt/ros/humble /usr/bin/cmake --build /mnt/c/Users/jalen/Desktop/Projects/ros2/server/build/server -- -j12 -l12
[37.487s] [  3%] [34m[1mGenerating C code for ROS interfaces[0m
[37.567s] [  6%] [34m[1mGenerating C++ code for ROS interfaces[0m
[37.660s] [  6%] Built target ament_cmake_python_copy_server
[38.579s] [  6%] Built target server__cpp
[38.823s] [ 15%] [34m[1mGenerating C++ type support for eProsima Fast-RTPS[0m
[38.832s] [ 15%] [34m[1mGenerating C++ introspection for ROS interfaces[0m
[38.849s] [ 15%] [34m[1mGenerating C++ type support dispatch for ROS interfaces[0m
[38.863s] running egg_info
[38.867s] creating server.egg-info
[38.879s] writing server.egg-info/PKG-INFO
[38.897s] writing dependency_links to server.egg-info/dependency_links.txt
[38.910s] [ 18%] [32mBuilding C object CMakeFiles/server__rosidl_generator_c.dir/rosidl_generator_c/server/srv/detail/add_three_ints__functions.c.o[0m
[38.930s] writing top-level names to server.egg-info/top_level.txt
[38.946s] writing manifest file 'server.egg-info/SOURCES.txt'
[39.011s] reading manifest file 'server.egg-info/SOURCES.txt'
[39.155s] writing manifest file 'server.egg-info/SOURCES.txt'
[39.274s] [ 18%] Built target ament_cmake_python_build_server_egg
[39.549s] [ 21%] [32m[1mLinking C shared library libserver__rosidl_generator_c.so[0m
[39.703s] [ 24%] [32mBuilding CXX object CMakeFiles/server__rosidl_typesupport_cpp.dir/rosidl_typesupport_cpp/server/srv/add_three_ints__type_support.cpp.o[0m
[39.786s] [ 27%] [32mBuilding CXX object CMakeFiles/server__rosidl_typesupport_introspection_cpp.dir/rosidl_typesupport_introspection_cpp/server/srv/detail/add_three_ints__type_support.cpp.o[0m
[39.812s] [ 30%] [32mBuilding CXX object CMakeFiles/server__rosidl_typesupport_fastrtps_cpp.dir/rosidl_typesupport_fastrtps_cpp/server/srv/detail/dds_fastrtps/add_three_ints__type_support.cpp.o[0m
[40.005s] [ 30%] Built target server__rosidl_generator_c
[40.110s] [ 39%] [34m[1mGenerating C type support dispatch for ROS interfaces[0m
[40.113s] [ 39%] [34m[1mGenerating C introspection for ROS interfaces[0m
[40.115s] [ 39%] [34m[1mGenerating C type support for eProsima Fast-RTPS[0m
[40.938s] [ 42%] [32mBuilding CXX object CMakeFiles/server__rosidl_typesupport_c.dir/rosidl_typesupport_c/server/srv/add_three_ints__type_support.cpp.o[0m
[41.118s] [ 48%] [32mBuilding C object CMakeFiles/server__rosidl_typesupport_introspection_c.dir/rosidl_typesupport_introspection_c/server/srv/detail/add_three_ints__type_support.c.o[0m
[41.122s] [ 48%] [32mBuilding CXX object CMakeFiles/server__rosidl_typesupport_fastrtps_c.dir/rosidl_typesupport_fastrtps_c/server/srv/detail/add_three_ints__type_support_c.cpp.o[0m
[41.286s] [ 51%] [32m[1mLinking CXX shared library libserver__rosidl_typesupport_cpp.so[0m
[41.389s] [ 54%] [32m[1mLinking CXX shared library libserver__rosidl_typesupport_c.so[0m
[41.786s] [ 54%] Built target server__rosidl_typesupport_cpp
[41.827s] [ 57%] [32m[1mLinking C shared library libserver__rosidl_typesupport_introspection_c.so[0m
[41.895s] [ 57%] Built target server__rosidl_typesupport_c
[42.029s] [ 60%] [32mBuilding CXX object CMakeFiles/add_three_ints_server.dir/src/add_three_ints_server.cpp.o[0m
[42.316s] [ 63%] [32m[1mLinking CXX shared library libserver__rosidl_typesupport_introspection_cpp.so[0m
[42.365s] [ 63%] Built target server__rosidl_typesupport_introspection_c
[42.670s] [ 66%] [32m[1mLinking CXX shared library libserver__rosidl_typesupport_fastrtps_cpp.so[0m
[42.816s] [ 66%] Built target server__rosidl_typesupport_introspection_cpp
[43.227s] [ 66%] Built target server__rosidl_typesupport_fastrtps_cpp
[43.358s] [ 69%] [32m[1mLinking CXX shared library libserver__rosidl_typesupport_fastrtps_c.so[0m
[43.921s] [ 69%] Built target server__rosidl_typesupport_fastrtps_c
[44.063s] [ 69%] Built target server
[44.236s] [ 72%] [34m[1mGenerating Python code for ROS interfaces[0m
[45.033s] [ 72%] Built target server__py
[45.259s] [ 75%] [32mBuilding C object CMakeFiles/server__rosidl_generator_py.dir/rosidl_generator_py/server/srv/_add_three_ints_s.c.o[0m
[46.270s] [ 78%] [32m[1mLinking C shared library rosidl_generator_py/server/libserver__rosidl_generator_py.so[0m
[46.773s] [ 78%] Built target server__rosidl_generator_py
[46.966s] [ 87%] [32mBuilding C object CMakeFiles/server__rosidl_typesupport_introspection_c__pyext.dir/rosidl_generator_py/server/_server_s.ep.rosidl_typesupport_introspection_c.c.o[0m
[46.969s] [ 87%] [32mBuilding C object CMakeFiles/server__rosidl_typesupport_fastrtps_c__pyext.dir/rosidl_generator_py/server/_server_s.ep.rosidl_typesupport_fastrtps_c.c.o[0m
[46.971s] [ 87%] [32mBuilding C object CMakeFiles/server__rosidl_typesupport_c__pyext.dir/rosidl_generator_py/server/_server_s.ep.rosidl_typesupport_c.c.o[0m
[47.833s] [ 90%] [32m[1mLinking C shared library rosidl_generator_py/server/server_s__rosidl_typesupport_c.cpython-310-x86_64-linux-gnu.so[0m
[47.999s] [ 93%] [32m[1mLinking C shared library rosidl_generator_py/server/server_s__rosidl_typesupport_introspection_c.cpython-310-x86_64-linux-gnu.so[0m
[48.029s] [ 96%] [32m[1mLinking C shared library rosidl_generator_py/server/server_s__rosidl_typesupport_fastrtps_c.cpython-310-x86_64-linux-gnu.so[0m
[48.369s] [ 96%] Built target server__rosidl_typesupport_c__pyext
[48.483s] [ 96%] Built target server__rosidl_typesupport_introspection_c__pyext
[48.543s] [ 96%] Built target server__rosidl_typesupport_fastrtps_c__pyext
[48.876s] [01m[K/mnt/c/Users/jalen/Desktop/Projects/ros2/server/src/server/src/add_three_ints_server.cpp:6:32:[m[K [01;31m[Kerror: [m[Kâ€˜[01m[Ktutorial_interfaces[m[Kâ€™ was not declared in this scope; did you mean â€˜[01m[Krcl_interfaces[m[Kâ€™?
[48.878s]     6 | void add(const std::shared_ptr<[01;31m[Ktutorial_interfaces[m[K::srv::AddThreeInts::Request> request,
[48.880s]       |                                [01;31m[K^~~~~~~~~~~~~~~~~~~[m[K
[48.882s]       |                                [32m[Krcl_interfaces[m[K
[48.884s] [01m[K/mnt/c/Users/jalen/Desktop/Projects/ros2/server/src/server/src/add_three_ints_server.cpp:6:79:[m[K [01;31m[Kerror: [m[Ktemplate argument 1 is invalid
[48.886s]     6 | void add(const std::shared_ptr<tutorial_interfaces::srv::AddThreeInts::Request[01;31m[K>[m[K request,
[48.888s]       |                                                                               [01;31m[K^[m[K
[48.890s] [01m[K/mnt/c/Users/jalen/Desktop/Projects/ros2/server/src/server/src/add_three_ints_server.cpp:6:32:[m[K [01;31m[Kerror: [m[Kâ€˜[01m[Ktutorial_interfaces[m[Kâ€™ was not declared in this scope; did you mean â€˜[01m[Krcl_interfaces[m[Kâ€™?
[48.892s]     6 | void add(const std::shared_ptr<[01;31m[Ktutorial_interfaces[m[K::srv::AddThreeInts::Request> request,
[48.895s]       |                                [01;31m[K^~~~~~~~~~~~~~~~~~~[m[K
[48.897s]       |                                [32m[Krcl_interfaces[m[K
[48.899s] [01m[K/mnt/c/Users/jalen/Desktop/Projects/ros2/server/src/server/src/add_three_ints_server.cpp:6:79:[m[K [01;31m[Kerror: [m[Ktemplate argument 1 is invalid
[48.901s]     6 | void add(const std::shared_ptr<tutorial_interfaces::srv::AddThreeInts::Request[01;31m[K>[m[K request,
[48.903s]       |                                                                               [01;31m[K^[m[K
[48.906s] [01m[K/mnt/c/Users/jalen/Desktop/Projects/ros2/server/src/server/src/add_three_ints_server.cpp:6:32:[m[K [01;31m[Kerror: [m[Kâ€˜[01m[Ktutorial_interfaces[m[Kâ€™ was not declared in this scope; did you mean â€˜[01m[Krcl_interfaces[m[Kâ€™?
[48.909s]     6 | void add(const std::shared_ptr<[01;31m[Ktutorial_interfaces[m[K::srv::AddThreeInts::Request> request,
[48.911s]       |                                [01;31m[K^~~~~~~~~~~~~~~~~~~[m[K
[48.913s]       |                                [32m[Krcl_interfaces[m[K
[48.916s] [01m[K/mnt/c/Users/jalen/Desktop/Projects/ros2/server/src/server/src/add_three_ints_server.cpp:6:79:[m[K [01;31m[Kerror: [m[Ktemplate argument 1 is invalid
[48.918s]     6 | void add(const std::shared_ptr<tutorial_interfaces::srv::AddThreeInts::Request[01;31m[K>[m[K request,
[48.921s]       |                                                                               [01;31m[K^[m[K
[48.923s] [01m[K/mnt/c/Users/jalen/Desktop/Projects/ros2/server/src/server/src/add_three_ints_server.cpp:6:16:[m[K [01;31m[Kerror: [m[Kinvalid template-id
[48.925s]     6 | void add(const [01;31m[Kstd[m[K::shared_ptr<tutorial_interfaces::srv::AddThreeInts::Request> request,
[48.927s]       |                [01;31m[K^~~[m[K
[48.930s] [01m[K/mnt/c/Users/jalen/Desktop/Projects/ros2/server/src/server/src/add_three_ints_server.cpp:6:32:[m[K [01;31m[Kerror: [m[Kâ€˜[01m[Ktutorial_interfaces[m[Kâ€™ was not declared in this scope; did you mean â€˜[01m[Krcl_interfaces[m[Kâ€™?
[48.932s]     6 | void add(const std::shared_ptr<[01;31m[Ktutorial_interfaces[m[K::srv::AddThreeInts::Request> request,
[48.934s]       |                                [01;31m[K^~~~~~~~~~~~~~~~~~~[m[K
[48.936s]       |                                [32m[Krcl_interfaces[m[K
[48.939s] [01m[K/mnt/c/Users/jalen/Desktop/Projects/ros2/server/src/server/src/add_three_ints_server.cpp:6:6:[m[K [01;31m[Kerror: [m[Kvariable or field â€˜[01m[Kadd[m[Kâ€™ declared void
[48.942s]     6 | void [01;31m[Kadd[m[K(const std::shared_ptr<tutorial_interfaces::srv::AddThreeInts::Request> request,
[48.944s]       |      [01;31m[K^~~[m[K
[48.947s] [01m[K/mnt/c/Users/jalen/Desktop/Projects/ros2/server/src/server/src/add_three_ints_server.cpp:6:10:[m[K [01;31m[Kerror: [m[Kexpected primary-expression before â€˜[01m[Kconst[m[Kâ€™
[48.949s]     6 | void add([01;31m[Kconst[m[K std::shared_ptr<tutorial_interfaces::srv::AddThreeInts::Request> request,
[48.952s]       |          [01;31m[K^~~~~[m[K
[48.954s] [01m[K/mnt/c/Users/jalen/Desktop/Projects/ros2/server/src/server/src/add_three_ints_server.cpp:7:27:[m[K [01;31m[Kerror: [m[Kâ€˜[01m[Ktutorial_interfaces[m[Kâ€™ was not declared in this scope; did you mean â€˜[01m[Krcl_interfaces[m[Kâ€™?
[48.957s]     7 |           std::shared_ptr<[01;31m[Ktutorial_interfaces[m[K::srv::AddThreeInts::Response>       response)
[48.959s]       |                           [01;31m[K^~~~~~~~~~~~~~~~~~~[m[K
[48.961s]       |                           [32m[Krcl_interfaces[m[K
[48.964s] [01m[K/mnt/c/Users/jalen/Desktop/Projects/ros2/server/src/server/src/add_three_ints_server.cpp:7:75:[m[K [01;31m[Kerror: [m[Ktemplate argument 1 is invalid
[48.966s]     7 |           std::shared_ptr<tutorial_interfaces::srv::AddThreeInts::Response[01;31m[K>[m[K       response)
[48.969s]       |                                                                           [01;31m[K^[m[K
[48.971s] [01m[K/mnt/c/Users/jalen/Desktop/Projects/ros2/server/src/server/src/add_three_ints_server.cpp:[m[K In function â€˜[01m[Kint main(int, char**)[m[Kâ€™:
[48.974s] [01m[K/mnt/c/Users/jalen/Desktop/Projects/ros2/server/src/server/src/add_three_ints_server.cpp:21:19:[m[K [01;31m[Kerror: [m[Kâ€˜[01m[Ktutorial_interfaces[m[Kâ€™ was not declared in this scope; did you mean â€˜[01m[Krcl_interfaces[m[Kâ€™?
[48.977s]    21 |   rclcpp::Service<[01;31m[Ktutorial_interfaces[m[K::srv::AddThreeInts>::SharedPtr service =
[48.979s]       |                   [01;31m[K^~~~~~~~~~~~~~~~~~~[m[K
[48.982s]       |                   [32m[Krcl_interfaces[m[K
[48.984s] [01m[K/mnt/c/Users/jalen/Desktop/Projects/ros2/server/src/server/src/add_three_ints_server.cpp:21:57:[m[K [01;31m[Kerror: [m[Ktemplate argument 1 is invalid
[48.986s]    21 |   rclcpp::Service<tutorial_interfaces::srv::AddThreeInts[01;31m[K>[m[K::SharedPtr service =
[48.989s]       |                                                         [01;31m[K^[m[K
[48.991s] [01m[K/mnt/c/Users/jalen/Desktop/Projects/ros2/server/src/server/src/add_three_ints_server.cpp:21:70:[m[K [01;31m[Kerror: [m[Kqualified-id in declaration before â€˜[01m[Kservice[m[Kâ€™
[48.993s]    21 |   rclcpp::Service<tutorial_interfaces::srv::AddThreeInts>::SharedPtr [01;31m[Kservice[m[K =
[48.996s]       |                                                                      [01;31m[K^~~~~~~[m[K
[49.810s] gmake[2]: *** [CMakeFiles/add_three_ints_server.dir/build.make:76: CMakeFiles/add_three_ints_server.dir/src/add_three_ints_server.cpp.o] Error 1
[49.816s] gmake[1]: *** [CMakeFiles/Makefile2:593: CMakeFiles/add_three_ints_server.dir/all] Error 2
[49.818s] gmake: *** [Makefile:146: all] Error 2
[49.825s] Invoked command in '/mnt/c/Users/jalen/Desktop/Projects/ros2/server/build/server' returned '2': CMAKE_PREFIX_PATH=/opt/ros/humble /usr/bin/cmake --build /mnt/c/Users/jalen/Desktop/Projects/ros2/server/build/server -- -j12 -l12
